<?xml version="1.0" encoding="UTF-8"?>
<testng-results skipped="0" failed="0" total="1" passed="1">
  <reporter-output>
  </reporter-output>
  <suite name="Default suite" duration-ms="5420" started-at="2015-11-13T09:02:06Z" finished-at="2015-11-13T09:02:12Z">
    <groups>
    </groups>
    <test name="Default test" duration-ms="5420" started-at="2015-11-13T09:02:06Z" finished-at="2015-11-13T09:02:12Z">
      <class name="test.NewTest">
        <test-method status="PASS" signature="beforeTest()[pri:0, instance:test.NewTest@2eee9593]" name="beforeTest" is-config="true" duration-ms="4476" started-at="2015-11-13T17:02:06Z" finished-at="2015-11-13T17:02:11Z">
          <reporter-output>
          </reporter-output>
        </test-method> <!-- beforeTest -->
        <test-method status="PASS" signature="f()[pri:0, instance:test.NewTest@2eee9593]" name="f" duration-ms="356" started-at="2015-11-13T17:02:11Z" finished-at="2015-11-13T17:02:11Z">
          <reporter-output>
          </reporter-output>
        </test-method> <!-- f -->
        <test-method status="PASS" signature="afterTest()[pri:0, instance:test.NewTest@2eee9593]" name="afterTest" is-config="true" duration-ms="573" started-at="2015-11-13T17:02:11Z" finished-at="2015-11-13T17:02:12Z">
          <reporter-output>
          </reporter-output>
        </test-method> <!-- afterTest -->
      </class> <!-- test.NewTest -->
    </test> <!-- Default test -->
  </suite> <!-- Default suite -->
</testng-results>
